<?xml version="1.0" encoding="UTF-8"?>
<!-- Generated by org.testng.reporters.JUnitReportReporter -->
<testsuite hostname="localhost.localdomain" failures="0" tests="1" name="qt.automation.TestRunner" time="0.210" errors="0" timestamp="14 Jul 2019 05:03:30 GMT" skipped="1">
  <testcase classname="qt.automation.TestRunner" name="runScenario" time="0.210">
    <skipped/>
  </testcase> <!-- runScenario -->
</testsuite> <!-- qt.automation.TestRunner -->
